<?xml version="1.0" encoding="UTF-8"?>
<!-- Generated by org.testng.reporters.JUnitXMLReporter -->
<testsuite ignored="0" hostname="Tabsquares-MBP" failures="0" tests="4" name="Test" time="42.008" errors="0" timestamp="17 Jul 2022 14:30:39 GMT">
  <testcase classname="qaautomation.july2022.WebTestAfterPOM" name="testLoginWrongPassword" time="21.243"/>
  <testcase classname="qaautomation.july2022.WebTestAfterPOM" name="testLogin" time="21.279"/>
  <testcase classname="qaautomation.july2022.WebTestAfterPOM" name="testLoginWrongUsername" time="23.957"/>
  <testcase classname="qaautomation.july2022.WebTestAfterPOM" name="testLoginWrongUsernamePassword" time="15.335"/>
</testsuite> <!-- Test -->
